CRITICAL - 2022-06-07 13:29:59 --> Invalid file: public/artikel/index.php
#0 C:\xampp\htdocs\fara\system\View\View.php(198): CodeIgniter\Exceptions\FrameworkException::forInvalidFile('public/artikel/...')
#1 C:\xampp\htdocs\fara\system\Common.php(1089): CodeIgniter\View\View->render('public/artikel/...', Array, true)
#2 C:\xampp\htdocs\fara\app\Controllers\Artikel.php(11): view('public/artikel/...', Array)
#3 C:\xampp\htdocs\fara\system\CodeIgniter.php(832): App\Controllers\Artikel->index()
#4 C:\xampp\htdocs\fara\system\CodeIgniter.php(419): CodeIgniter\CodeIgniter->runController(Object(App\Controllers\Artikel))
#5 C:\xampp\htdocs\fara\system\CodeIgniter.php(326): CodeIgniter\CodeIgniter->handleRequest(NULL, Object(Config\Cache), false)
#6 C:\xampp\htdocs\fara\public\index.php(37): CodeIgniter\CodeIgniter->run()
#7 C:\xampp\htdocs\fara\system\Commands\Server\rewrite.php(43): require_once('C:\\xampp\\htdocs...')
#8 {main}
CRITICAL - 2022-06-07 13:30:02 --> Undefined variable $title
#0 C:\xampp\htdocs\fara\app\Views\template\header.php(5): CodeIgniter\Debug\Exceptions->errorHandler(2, 'Undefined varia...', 'C:\\xampp\\htdocs...', 5)
#1 C:\xampp\htdocs\fara\system\View\View.php(210): include('C:\\xampp\\htdocs...')
#2 C:\xampp\htdocs\fara\system\View\View.php(213): CodeIgniter\View\View->CodeIgniter\View\{closure}()
#3 C:\xampp\htdocs\fara\system\View\View.php(424): CodeIgniter\View\View->render('template/header', NULL, true)
#4 C:\xampp\htdocs\fara\app\Views\home.php(1): CodeIgniter\View\View->include('template/header')
#5 C:\xampp\htdocs\fara\system\View\View.php(210): include('C:\\xampp\\htdocs...')
#6 C:\xampp\htdocs\fara\system\View\View.php(213): CodeIgniter\View\View->CodeIgniter\View\{closure}()
#7 C:\xampp\htdocs\fara\system\Common.php(1089): CodeIgniter\View\View->render('home', Array, true)
#8 C:\xampp\htdocs\fara\app\Controllers\Home.php(9): view('home')
#9 C:\xampp\htdocs\fara\system\CodeIgniter.php(832): App\Controllers\Home->index()
#10 C:\xampp\htdocs\fara\system\CodeIgniter.php(419): CodeIgniter\CodeIgniter->runController(Object(App\Controllers\Home))
#11 C:\xampp\htdocs\fara\system\CodeIgniter.php(326): CodeIgniter\CodeIgniter->handleRequest(NULL, Object(Config\Cache), false)
#12 C:\xampp\htdocs\fara\public\index.php(37): CodeIgniter\CodeIgniter->run()
#13 C:\xampp\htdocs\fara\system\Commands\Server\rewrite.php(43): require_once('C:\\xampp\\htdocs...')
#14 {main}
CRITICAL - 2022-06-07 13:30:04 --> Undefined variable $title
#0 C:\xampp\htdocs\fara\app\Views\template\header.php(5): CodeIgniter\Debug\Exceptions->errorHandler(2, 'Undefined varia...', 'C:\\xampp\\htdocs...', 5)
#1 C:\xampp\htdocs\fara\system\View\View.php(210): include('C:\\xampp\\htdocs...')
#2 C:\xampp\htdocs\fara\system\View\View.php(213): CodeIgniter\View\View->CodeIgniter\View\{closure}()
#3 C:\xampp\htdocs\fara\system\View\View.php(424): CodeIgniter\View\View->render('template/header', NULL, true)
#4 C:\xampp\htdocs\fara\app\Views\home.php(1): CodeIgniter\View\View->include('template/header')
#5 C:\xampp\htdocs\fara\system\View\View.php(210): include('C:\\xampp\\htdocs...')
#6 C:\xampp\htdocs\fara\system\View\View.php(213): CodeIgniter\View\View->CodeIgniter\View\{closure}()
#7 C:\xampp\htdocs\fara\system\Common.php(1089): CodeIgniter\View\View->render('home', Array, true)
#8 C:\xampp\htdocs\fara\app\Controllers\Home.php(9): view('home')
#9 C:\xampp\htdocs\fara\system\CodeIgniter.php(832): App\Controllers\Home->index()
#10 C:\xampp\htdocs\fara\system\CodeIgniter.php(419): CodeIgniter\CodeIgniter->runController(Object(App\Controllers\Home))
#11 C:\xampp\htdocs\fara\system\CodeIgniter.php(326): CodeIgniter\CodeIgniter->handleRequest(NULL, Object(Config\Cache), false)
#12 C:\xampp\htdocs\fara\public\index.php(37): CodeIgniter\CodeIgniter->run()
#13 C:\xampp\htdocs\fara\system\Commands\Server\rewrite.php(43): require_once('C:\\xampp\\htdocs...')
#14 {main}
CRITICAL - 2022-06-07 13:30:31 --> Undefined variable $title
#0 C:\xampp\htdocs\fara\app\Views\template\header.php(5): CodeIgniter\Debug\Exceptions->errorHandler(2, 'Undefined varia...', 'C:\\xampp\\htdocs...', 5)
#1 C:\xampp\htdocs\fara\system\View\View.php(210): include('C:\\xampp\\htdocs...')
#2 C:\xampp\htdocs\fara\system\View\View.php(213): CodeIgniter\View\View->CodeIgniter\View\{closure}()
#3 C:\xampp\htdocs\fara\system\View\View.php(424): CodeIgniter\View\View->render('template/header', NULL, true)
#4 C:\xampp\htdocs\fara\app\Views\home.php(1): CodeIgniter\View\View->include('template/header')
#5 C:\xampp\htdocs\fara\system\View\View.php(210): include('C:\\xampp\\htdocs...')
#6 C:\xampp\htdocs\fara\system\View\View.php(213): CodeIgniter\View\View->CodeIgniter\View\{closure}()
#7 C:\xampp\htdocs\fara\system\Common.php(1089): CodeIgniter\View\View->render('home', Array, true)
#8 C:\xampp\htdocs\fara\app\Controllers\Home.php(9): view('home')
#9 C:\xampp\htdocs\fara\system\CodeIgniter.php(832): App\Controllers\Home->index()
#10 C:\xampp\htdocs\fara\system\CodeIgniter.php(419): CodeIgniter\CodeIgniter->runController(Object(App\Controllers\Home))
#11 C:\xampp\htdocs\fara\system\CodeIgniter.php(326): CodeIgniter\CodeIgniter->handleRequest(NULL, Object(Config\Cache), false)
#12 C:\xampp\htdocs\fara\public\index.php(37): CodeIgniter\CodeIgniter->run()
#13 C:\xampp\htdocs\fara\system\Commands\Server\rewrite.php(43): require_once('C:\\xampp\\htdocs...')
#14 {main}
CRITICAL - 2022-06-07 13:31:55 --> Undefined variable $title
#0 C:\xampp\htdocs\fara\app\Views\template\header.php(5): CodeIgniter\Debug\Exceptions->errorHandler(2, 'Undefined varia...', 'C:\\xampp\\htdocs...', 5)
#1 C:\xampp\htdocs\fara\system\View\View.php(210): include('C:\\xampp\\htdocs...')
#2 C:\xampp\htdocs\fara\system\View\View.php(213): CodeIgniter\View\View->CodeIgniter\View\{closure}()
#3 C:\xampp\htdocs\fara\system\View\View.php(424): CodeIgniter\View\View->render('template/header', NULL, true)
#4 C:\xampp\htdocs\fara\app\Views\home.php(1): CodeIgniter\View\View->include('template/header')
#5 C:\xampp\htdocs\fara\system\View\View.php(210): include('C:\\xampp\\htdocs...')
#6 C:\xampp\htdocs\fara\system\View\View.php(213): CodeIgniter\View\View->CodeIgniter\View\{closure}()
#7 C:\xampp\htdocs\fara\system\Common.php(1089): CodeIgniter\View\View->render('home', Array, true)
#8 C:\xampp\htdocs\fara\app\Controllers\Home.php(9): view('home')
#9 C:\xampp\htdocs\fara\system\CodeIgniter.php(832): App\Controllers\Home->index()
#10 C:\xampp\htdocs\fara\system\CodeIgniter.php(419): CodeIgniter\CodeIgniter->runController(Object(App\Controllers\Home))
#11 C:\xampp\htdocs\fara\system\CodeIgniter.php(326): CodeIgniter\CodeIgniter->handleRequest(NULL, Object(Config\Cache), false)
#12 C:\xampp\htdocs\fara\public\index.php(37): CodeIgniter\CodeIgniter->run()
#13 C:\xampp\htdocs\fara\system\Commands\Server\rewrite.php(43): require_once('C:\\xampp\\htdocs...')
#14 {main}
CRITICAL - 2022-06-07 13:34:08 --> Undefined variable $title
#0 C:\xampp\htdocs\fara\app\Views\template\header.php(6): CodeIgniter\Debug\Exceptions->errorHandler(2, 'Undefined varia...', 'C:\\xampp\\htdocs...', 6)
#1 C:\xampp\htdocs\fara\system\View\View.php(210): include('C:\\xampp\\htdocs...')
#2 C:\xampp\htdocs\fara\system\View\View.php(213): CodeIgniter\View\View->CodeIgniter\View\{closure}()
#3 C:\xampp\htdocs\fara\system\View\View.php(424): CodeIgniter\View\View->render('template/header', NULL, true)
#4 C:\xampp\htdocs\fara\app\Views\home.php(1): CodeIgniter\View\View->include('template/header')
#5 C:\xampp\htdocs\fara\system\View\View.php(210): include('C:\\xampp\\htdocs...')
#6 C:\xampp\htdocs\fara\system\View\View.php(213): CodeIgniter\View\View->CodeIgniter\View\{closure}()
#7 C:\xampp\htdocs\fara\system\Common.php(1089): CodeIgniter\View\View->render('home', Array, true)
#8 C:\xampp\htdocs\fara\app\Controllers\Home.php(9): view('home')
#9 C:\xampp\htdocs\fara\system\CodeIgniter.php(832): App\Controllers\Home->index()
#10 C:\xampp\htdocs\fara\system\CodeIgniter.php(419): CodeIgniter\CodeIgniter->runController(Object(App\Controllers\Home))
#11 C:\xampp\htdocs\fara\system\CodeIgniter.php(326): CodeIgniter\CodeIgniter->handleRequest(NULL, Object(Config\Cache), false)
#12 C:\xampp\htdocs\fara\public\index.php(37): CodeIgniter\CodeIgniter->run()
#13 C:\xampp\htdocs\fara\system\Commands\Server\rewrite.php(43): require_once('C:\\xampp\\htdocs...')
#14 {main}
CRITICAL - 2022-06-07 13:42:06 --> Undefined variable $title
#0 C:\xampp\htdocs\fara\app\Views\template\header.php(6): CodeIgniter\Debug\Exceptions->errorHandler(2, 'Undefined varia...', 'C:\\xampp\\htdocs...', 6)
#1 C:\xampp\htdocs\fara\system\View\View.php(210): include('C:\\xampp\\htdocs...')
#2 C:\xampp\htdocs\fara\system\View\View.php(213): CodeIgniter\View\View->CodeIgniter\View\{closure}()
#3 C:\xampp\htdocs\fara\system\View\View.php(424): CodeIgniter\View\View->render('template/header', NULL, true)
#4 C:\xampp\htdocs\fara\app\Views\home.php(1): CodeIgniter\View\View->include('template/header')
#5 C:\xampp\htdocs\fara\system\View\View.php(210): include('C:\\xampp\\htdocs...')
#6 C:\xampp\htdocs\fara\system\View\View.php(213): CodeIgniter\View\View->CodeIgniter\View\{closure}()
#7 C:\xampp\htdocs\fara\system\Common.php(1089): CodeIgniter\View\View->render('home', Array, true)
#8 C:\xampp\htdocs\fara\app\Controllers\Home.php(9): view('home')
#9 C:\xampp\htdocs\fara\system\CodeIgniter.php(832): App\Controllers\Home->index()
#10 C:\xampp\htdocs\fara\system\CodeIgniter.php(419): CodeIgniter\CodeIgniter->runController(Object(App\Controllers\Home))
#11 C:\xampp\htdocs\fara\system\CodeIgniter.php(326): CodeIgniter\CodeIgniter->handleRequest(NULL, Object(Config\Cache), false)
#12 C:\xampp\htdocs\fara\public\index.php(37): CodeIgniter\CodeIgniter->run()
#13 C:\xampp\htdocs\fara\system\Commands\Server\rewrite.php(43): require_once('C:\\xampp\\htdocs...')
#14 {main}
