CRITICAL - 2022-06-08 05:38:24 --> syntax error, unexpected 'public' (T_PUBLIC), expecting end of file
#0 C:\xampp\htdocs\lab11_php_ci2\system\Router\Router.php(175): CodeIgniter\Router\Router->autoRoute('artikel')
#1 C:\xampp\htdocs\lab11_php_ci2\system\CodeIgniter.php(726): CodeIgniter\Router\Router->handle('artikel')
#2 C:\xampp\htdocs\lab11_php_ci2\system\CodeIgniter.php(368): CodeIgniter\CodeIgniter->tryToRouteIt(Object(CodeIgniter\Router\RouteCollection))
#3 C:\xampp\htdocs\lab11_php_ci2\system\CodeIgniter.php(326): CodeIgniter\CodeIgniter->handleRequest(NULL, Object(Config\Cache), false)
#4 C:\xampp\htdocs\lab11_php_ci2\public\index.php(37): CodeIgniter\CodeIgniter->run()
#5 C:\xampp\htdocs\lab11_php_ci2\system\Commands\Server\rewrite.php(43): require_once('C:\\xampp\\htdocs...')
#6 {main}
CRITICAL - 2022-06-08 05:40:26 --> syntax error, unexpected 'public' (T_PUBLIC), expecting end of file
#0 C:\xampp\htdocs\lab11_php_ci2\system\Router\Router.php(175): CodeIgniter\Router\Router->autoRoute('artikel')
#1 C:\xampp\htdocs\lab11_php_ci2\system\CodeIgniter.php(726): CodeIgniter\Router\Router->handle('artikel')
#2 C:\xampp\htdocs\lab11_php_ci2\system\CodeIgniter.php(368): CodeIgniter\CodeIgniter->tryToRouteIt(Object(CodeIgniter\Router\RouteCollection))
#3 C:\xampp\htdocs\lab11_php_ci2\system\CodeIgniter.php(326): CodeIgniter\CodeIgniter->handleRequest(NULL, Object(Config\Cache), false)
#4 C:\xampp\htdocs\lab11_php_ci2\public\index.php(37): CodeIgniter\CodeIgniter->run()
#5 C:\xampp\htdocs\lab11_php_ci2\system\Commands\Server\rewrite.php(43): require_once('C:\\xampp\\htdocs...')
#6 {main}
CRITICAL - 2022-06-08 05:40:30 --> syntax error, unexpected 'public' (T_PUBLIC), expecting end of file
#0 C:\xampp\htdocs\lab11_php_ci2\system\Router\Router.php(175): CodeIgniter\Router\Router->autoRoute('artikel')
#1 C:\xampp\htdocs\lab11_php_ci2\system\CodeIgniter.php(726): CodeIgniter\Router\Router->handle('artikel')
#2 C:\xampp\htdocs\lab11_php_ci2\system\CodeIgniter.php(368): CodeIgniter\CodeIgniter->tryToRouteIt(Object(CodeIgniter\Router\RouteCollection))
#3 C:\xampp\htdocs\lab11_php_ci2\system\CodeIgniter.php(326): CodeIgniter\CodeIgniter->handleRequest(NULL, Object(Config\Cache), false)
#4 C:\xampp\htdocs\lab11_php_ci2\public\index.php(37): CodeIgniter\CodeIgniter->run()
#5 C:\xampp\htdocs\lab11_php_ci2\system\Commands\Server\rewrite.php(43): require_once('C:\\xampp\\htdocs...')
#6 {main}
CRITICAL - 2022-06-08 07:05:41 --> Undefined variable: row
#0 C:\xampp\htdocs\lab11_php_ci2\app\Views\artikel\detail.php(6): CodeIgniter\Debug\Exceptions->errorHandler(8, 'Undefined varia...', 'C:\\xampp\\htdocs...', 6, Array)
#1 C:\xampp\htdocs\lab11_php_ci2\system\View\View.php(210): include('C:\\xampp\\htdocs...')
#2 C:\xampp\htdocs\lab11_php_ci2\system\View\View.php(213): CodeIgniter\View\View->CodeIgniter\View\{closure}()
#3 C:\xampp\htdocs\lab11_php_ci2\system\Common.php(1089): CodeIgniter\View\View->render('artikel/detail', Array, true)
#4 C:\xampp\htdocs\lab11_php_ci2\app\Controllers\Artikel.php(30): view('artikel/detail', Array)
#5 C:\xampp\htdocs\lab11_php_ci2\system\CodeIgniter.php(832): App\Controllers\Artikel->view('artikel-pertama')
#6 C:\xampp\htdocs\lab11_php_ci2\system\CodeIgniter.php(419): CodeIgniter\CodeIgniter->runController(Object(App\Controllers\Artikel))
#7 C:\xampp\htdocs\lab11_php_ci2\system\CodeIgniter.php(326): CodeIgniter\CodeIgniter->handleRequest(NULL, Object(Config\Cache), false)
#8 C:\xampp\htdocs\lab11_php_ci2\public\index.php(37): CodeIgniter\CodeIgniter->run()
#9 C:\xampp\htdocs\lab11_php_ci2\system\Commands\Server\rewrite.php(43): require_once('C:\\xampp\\htdocs...')
#10 {main}
CRITICAL - 2022-06-08 07:08:46 --> Undefined variable: row
#0 C:\xampp\htdocs\lab11_php_ci2\app\Views\artikel\detail.php(6): CodeIgniter\Debug\Exceptions->errorHandler(8, 'Undefined varia...', 'C:\\xampp\\htdocs...', 6, Array)
#1 C:\xampp\htdocs\lab11_php_ci2\system\View\View.php(210): include('C:\\xampp\\htdocs...')
#2 C:\xampp\htdocs\lab11_php_ci2\system\View\View.php(213): CodeIgniter\View\View->CodeIgniter\View\{closure}()
#3 C:\xampp\htdocs\lab11_php_ci2\system\Common.php(1089): CodeIgniter\View\View->render('artikel/detail', Array, true)
#4 C:\xampp\htdocs\lab11_php_ci2\app\Controllers\Artikel.php(30): view('artikel/detail', Array)
#5 C:\xampp\htdocs\lab11_php_ci2\system\CodeIgniter.php(832): App\Controllers\Artikel->view('artikel-kedua')
#6 C:\xampp\htdocs\lab11_php_ci2\system\CodeIgniter.php(419): CodeIgniter\CodeIgniter->runController(Object(App\Controllers\Artikel))
#7 C:\xampp\htdocs\lab11_php_ci2\system\CodeIgniter.php(326): CodeIgniter\CodeIgniter->handleRequest(NULL, Object(Config\Cache), false)
#8 C:\xampp\htdocs\lab11_php_ci2\public\index.php(37): CodeIgniter\CodeIgniter->run()
#9 C:\xampp\htdocs\lab11_php_ci2\system\Commands\Server\rewrite.php(43): require_once('C:\\xampp\\htdocs...')
#10 {main}
CRITICAL - 2022-06-08 07:17:31 --> Invalid file: template/admin_header.php
#0 C:\xampp\htdocs\lab11_php_ci2\system\View\View.php(198): CodeIgniter\Exceptions\FrameworkException::forInvalidFile('template/admin_...')
#1 C:\xampp\htdocs\lab11_php_ci2\system\View\View.php(424): CodeIgniter\View\View->render('template/admin_...', NULL, true)
#2 C:\xampp\htdocs\lab11_php_ci2\app\Views\artikel\admin_index.php(1): CodeIgniter\View\View->include('template/admin_...')
#3 C:\xampp\htdocs\lab11_php_ci2\system\View\View.php(210): include('C:\\xampp\\htdocs...')
#4 C:\xampp\htdocs\lab11_php_ci2\system\View\View.php(213): CodeIgniter\View\View->CodeIgniter\View\{closure}()
#5 C:\xampp\htdocs\lab11_php_ci2\system\Common.php(1089): CodeIgniter\View\View->render('artikel/admin_i...', Array, true)
#6 C:\xampp\htdocs\lab11_php_ci2\app\Controllers\Artikel.php(40): view('artikel/admin_i...', Array)
#7 C:\xampp\htdocs\lab11_php_ci2\system\CodeIgniter.php(832): App\Controllers\Artikel->admin_index()
#8 C:\xampp\htdocs\lab11_php_ci2\system\CodeIgniter.php(419): CodeIgniter\CodeIgniter->runController(Object(App\Controllers\Artikel))
#9 C:\xampp\htdocs\lab11_php_ci2\system\CodeIgniter.php(326): CodeIgniter\CodeIgniter->handleRequest(NULL, Object(Config\Cache), false)
#10 C:\xampp\htdocs\lab11_php_ci2\public\index.php(37): CodeIgniter\CodeIgniter->run()
#11 C:\xampp\htdocs\lab11_php_ci2\system\Commands\Server\rewrite.php(43): require_once('C:\\xampp\\htdocs...')
#12 {main}
CRITICAL - 2022-06-08 07:20:17 --> Invalid file: template/admin_header.php
#0 C:\xampp\htdocs\lab11_php_ci2\system\View\View.php(198): CodeIgniter\Exceptions\FrameworkException::forInvalidFile('template/admin_...')
#1 C:\xampp\htdocs\lab11_php_ci2\system\View\View.php(424): CodeIgniter\View\View->render('template/admin_...', NULL, true)
#2 C:\xampp\htdocs\lab11_php_ci2\app\Views\artikel\admin_index.php(1): CodeIgniter\View\View->include('template/admin_...')
#3 C:\xampp\htdocs\lab11_php_ci2\system\View\View.php(210): include('C:\\xampp\\htdocs...')
#4 C:\xampp\htdocs\lab11_php_ci2\system\View\View.php(213): CodeIgniter\View\View->CodeIgniter\View\{closure}()
#5 C:\xampp\htdocs\lab11_php_ci2\system\Common.php(1089): CodeIgniter\View\View->render('artikel/admin_i...', Array, true)
#6 C:\xampp\htdocs\lab11_php_ci2\app\Controllers\Artikel.php(40): view('artikel/admin_i...', Array)
#7 C:\xampp\htdocs\lab11_php_ci2\system\CodeIgniter.php(832): App\Controllers\Artikel->admin_index()
#8 C:\xampp\htdocs\lab11_php_ci2\system\CodeIgniter.php(419): CodeIgniter\CodeIgniter->runController(Object(App\Controllers\Artikel))
#9 C:\xampp\htdocs\lab11_php_ci2\system\CodeIgniter.php(326): CodeIgniter\CodeIgniter->handleRequest(NULL, Object(Config\Cache), false)
#10 C:\xampp\htdocs\lab11_php_ci2\public\index.php(37): CodeIgniter\CodeIgniter->run()
#11 C:\xampp\htdocs\lab11_php_ci2\system\Commands\Server\rewrite.php(43): require_once('C:\\xampp\\htdocs...')
#12 {main}
CRITICAL - 2022-06-08 07:21:16 --> Invalid file: template/admin_header.php
#0 C:\xampp\htdocs\lab11_php_ci2\system\View\View.php(198): CodeIgniter\Exceptions\FrameworkException::forInvalidFile('template/admin_...')
#1 C:\xampp\htdocs\lab11_php_ci2\system\View\View.php(424): CodeIgniter\View\View->render('template/admin_...', NULL, true)
#2 C:\xampp\htdocs\lab11_php_ci2\app\Views\artikel\admin_index.php(1): CodeIgniter\View\View->include('template/admin_...')
#3 C:\xampp\htdocs\lab11_php_ci2\system\View\View.php(210): include('C:\\xampp\\htdocs...')
#4 C:\xampp\htdocs\lab11_php_ci2\system\View\View.php(213): CodeIgniter\View\View->CodeIgniter\View\{closure}()
#5 C:\xampp\htdocs\lab11_php_ci2\system\Common.php(1089): CodeIgniter\View\View->render('artikel/admin_i...', Array, true)
#6 C:\xampp\htdocs\lab11_php_ci2\app\Controllers\Artikel.php(40): view('artikel/admin_i...', Array)
#7 C:\xampp\htdocs\lab11_php_ci2\system\CodeIgniter.php(832): App\Controllers\Artikel->admin_index()
#8 C:\xampp\htdocs\lab11_php_ci2\system\CodeIgniter.php(419): CodeIgniter\CodeIgniter->runController(Object(App\Controllers\Artikel))
#9 C:\xampp\htdocs\lab11_php_ci2\system\CodeIgniter.php(326): CodeIgniter\CodeIgniter->handleRequest(NULL, Object(Config\Cache), false)
#10 C:\xampp\htdocs\lab11_php_ci2\public\index.php(37): CodeIgniter\CodeIgniter->run()
#11 C:\xampp\htdocs\lab11_php_ci2\system\Commands\Server\rewrite.php(43): require_once('C:\\xampp\\htdocs...')
#12 {main}
CRITICAL - 2022-06-08 07:27:07 --> Invalid file: template/admin_header.php
#0 C:\xampp\htdocs\lab11_php_ci2\system\View\View.php(198): CodeIgniter\Exceptions\FrameworkException::forInvalidFile('template/admin_...')
#1 C:\xampp\htdocs\lab11_php_ci2\system\View\View.php(424): CodeIgniter\View\View->render('template/admin_...', NULL, true)
#2 C:\xampp\htdocs\lab11_php_ci2\app\Views\artikel\admin_index.php(1): CodeIgniter\View\View->include('template/admin_...')
#3 C:\xampp\htdocs\lab11_php_ci2\system\View\View.php(210): include('C:\\xampp\\htdocs...')
#4 C:\xampp\htdocs\lab11_php_ci2\system\View\View.php(213): CodeIgniter\View\View->CodeIgniter\View\{closure}()
#5 C:\xampp\htdocs\lab11_php_ci2\system\Common.php(1089): CodeIgniter\View\View->render('artikel/admin_i...', Array, true)
#6 C:\xampp\htdocs\lab11_php_ci2\app\Controllers\Artikel.php(40): view('artikel/admin_i...', Array)
#7 C:\xampp\htdocs\lab11_php_ci2\system\CodeIgniter.php(832): App\Controllers\Artikel->admin_index()
#8 C:\xampp\htdocs\lab11_php_ci2\system\CodeIgniter.php(419): CodeIgniter\CodeIgniter->runController(Object(App\Controllers\Artikel))
#9 C:\xampp\htdocs\lab11_php_ci2\system\CodeIgniter.php(326): CodeIgniter\CodeIgniter->handleRequest(NULL, Object(Config\Cache), false)
#10 C:\xampp\htdocs\lab11_php_ci2\public\index.php(37): CodeIgniter\CodeIgniter->run()
#11 C:\xampp\htdocs\lab11_php_ci2\system\Commands\Server\rewrite.php(43): require_once('C:\\xampp\\htdocs...')
#12 {main}
CRITICAL - 2022-06-08 07:33:29 --> Undefined index: isi
#0 C:\xampp\htdocs\lab11_php_ci2\app\Views\artikel\admin_index.php(19): CodeIgniter\Debug\Exceptions->errorHandler(8, 'Undefined index...', 'C:\\xampp\\htdocs...', 19, Array)
#1 C:\xampp\htdocs\lab11_php_ci2\system\View\View.php(210): include('C:\\xampp\\htdocs...')
#2 C:\xampp\htdocs\lab11_php_ci2\system\View\View.php(213): CodeIgniter\View\View->CodeIgniter\View\{closure}()
#3 C:\xampp\htdocs\lab11_php_ci2\system\Common.php(1089): CodeIgniter\View\View->render('artikel/admin_i...', Array, true)
#4 C:\xampp\htdocs\lab11_php_ci2\app\Controllers\Artikel.php(40): view('artikel/admin_i...', Array)
#5 C:\xampp\htdocs\lab11_php_ci2\system\CodeIgniter.php(832): App\Controllers\Artikel->admin_index()
#6 C:\xampp\htdocs\lab11_php_ci2\system\CodeIgniter.php(419): CodeIgniter\CodeIgniter->runController(Object(App\Controllers\Artikel))
#7 C:\xampp\htdocs\lab11_php_ci2\system\CodeIgniter.php(326): CodeIgniter\CodeIgniter->handleRequest(NULL, Object(Config\Cache), false)
#8 C:\xampp\htdocs\lab11_php_ci2\public\index.php(37): CodeIgniter\CodeIgniter->run()
#9 C:\xampp\htdocs\lab11_php_ci2\system\Commands\Server\rewrite.php(43): require_once('C:\\xampp\\htdocs...')
#10 {main}
CRITICAL - 2022-06-08 08:06:38 --> Invalid file: artikel/form_add.php
#0 C:\xampp\htdocs\lab11_php_ci2\system\View\View.php(198): CodeIgniter\Exceptions\FrameworkException::forInvalidFile('artikel/form_ad...')
#1 C:\xampp\htdocs\lab11_php_ci2\system\Common.php(1089): CodeIgniter\View\View->render('artikel/form_ad...', Array, true)
#2 C:\xampp\htdocs\lab11_php_ci2\app\Controllers\Artikel.php(60): view('artikel/form_ad...', Array)
#3 C:\xampp\htdocs\lab11_php_ci2\system\CodeIgniter.php(832): App\Controllers\Artikel->add()
#4 C:\xampp\htdocs\lab11_php_ci2\system\CodeIgniter.php(419): CodeIgniter\CodeIgniter->runController(Object(App\Controllers\Artikel))
#5 C:\xampp\htdocs\lab11_php_ci2\system\CodeIgniter.php(326): CodeIgniter\CodeIgniter->handleRequest(NULL, Object(Config\Cache), false)
#6 C:\xampp\htdocs\lab11_php_ci2\public\index.php(37): CodeIgniter\CodeIgniter->run()
#7 C:\xampp\htdocs\lab11_php_ci2\system\Commands\Server\rewrite.php(43): require_once('C:\\xampp\\htdocs...')
#8 {main}
CRITICAL - 2022-06-08 08:08:33 --> Invalid file: artikel/form_add.php
#0 C:\xampp\htdocs\lab11_php_ci2\system\View\View.php(198): CodeIgniter\Exceptions\FrameworkException::forInvalidFile('artikel/form_ad...')
#1 C:\xampp\htdocs\lab11_php_ci2\system\Common.php(1089): CodeIgniter\View\View->render('artikel/form_ad...', Array, true)
#2 C:\xampp\htdocs\lab11_php_ci2\app\Controllers\Artikel.php(60): view('artikel/form_ad...', Array)
#3 C:\xampp\htdocs\lab11_php_ci2\system\CodeIgniter.php(832): App\Controllers\Artikel->add()
#4 C:\xampp\htdocs\lab11_php_ci2\system\CodeIgniter.php(419): CodeIgniter\CodeIgniter->runController(Object(App\Controllers\Artikel))
#5 C:\xampp\htdocs\lab11_php_ci2\system\CodeIgniter.php(326): CodeIgniter\CodeIgniter->handleRequest(NULL, Object(Config\Cache), false)
#6 C:\xampp\htdocs\lab11_php_ci2\public\index.php(37): CodeIgniter\CodeIgniter->run()
#7 C:\xampp\htdocs\lab11_php_ci2\system\Commands\Server\rewrite.php(43): require_once('C:\\xampp\\htdocs...')
#8 {main}
CRITICAL - 2022-06-08 08:08:36 --> Invalid file: artikel/form_add.php
#0 C:\xampp\htdocs\lab11_php_ci2\system\View\View.php(198): CodeIgniter\Exceptions\FrameworkException::forInvalidFile('artikel/form_ad...')
#1 C:\xampp\htdocs\lab11_php_ci2\system\Common.php(1089): CodeIgniter\View\View->render('artikel/form_ad...', Array, true)
#2 C:\xampp\htdocs\lab11_php_ci2\app\Controllers\Artikel.php(60): view('artikel/form_ad...', Array)
#3 C:\xampp\htdocs\lab11_php_ci2\system\CodeIgniter.php(832): App\Controllers\Artikel->add()
#4 C:\xampp\htdocs\lab11_php_ci2\system\CodeIgniter.php(419): CodeIgniter\CodeIgniter->runController(Object(App\Controllers\Artikel))
#5 C:\xampp\htdocs\lab11_php_ci2\system\CodeIgniter.php(326): CodeIgniter\CodeIgniter->handleRequest(NULL, Object(Config\Cache), false)
#6 C:\xampp\htdocs\lab11_php_ci2\public\index.php(37): CodeIgniter\CodeIgniter->run()
#7 C:\xampp\htdocs\lab11_php_ci2\system\Commands\Server\rewrite.php(43): require_once('C:\\xampp\\htdocs...')
#8 {main}
CRITICAL - 2022-06-08 08:08:38 --> Invalid file: artikel/form_add.php
#0 C:\xampp\htdocs\lab11_php_ci2\system\View\View.php(198): CodeIgniter\Exceptions\FrameworkException::forInvalidFile('artikel/form_ad...')
#1 C:\xampp\htdocs\lab11_php_ci2\system\Common.php(1089): CodeIgniter\View\View->render('artikel/form_ad...', Array, true)
#2 C:\xampp\htdocs\lab11_php_ci2\app\Controllers\Artikel.php(60): view('artikel/form_ad...', Array)
#3 C:\xampp\htdocs\lab11_php_ci2\system\CodeIgniter.php(832): App\Controllers\Artikel->add()
#4 C:\xampp\htdocs\lab11_php_ci2\system\CodeIgniter.php(419): CodeIgniter\CodeIgniter->runController(Object(App\Controllers\Artikel))
#5 C:\xampp\htdocs\lab11_php_ci2\system\CodeIgniter.php(326): CodeIgniter\CodeIgniter->handleRequest(NULL, Object(Config\Cache), false)
#6 C:\xampp\htdocs\lab11_php_ci2\public\index.php(37): CodeIgniter\CodeIgniter->run()
#7 C:\xampp\htdocs\lab11_php_ci2\system\Commands\Server\rewrite.php(43): require_once('C:\\xampp\\htdocs...')
#8 {main}
CRITICAL - 2022-06-08 08:08:52 --> Invalid file: artikel/form_add.php
#0 C:\xampp\htdocs\lab11_php_ci2\system\View\View.php(198): CodeIgniter\Exceptions\FrameworkException::forInvalidFile('artikel/form_ad...')
#1 C:\xampp\htdocs\lab11_php_ci2\system\Common.php(1089): CodeIgniter\View\View->render('artikel/form_ad...', Array, true)
#2 C:\xampp\htdocs\lab11_php_ci2\app\Controllers\Artikel.php(60): view('artikel/form_ad...', Array)
#3 C:\xampp\htdocs\lab11_php_ci2\system\CodeIgniter.php(832): App\Controllers\Artikel->add()
#4 C:\xampp\htdocs\lab11_php_ci2\system\CodeIgniter.php(419): CodeIgniter\CodeIgniter->runController(Object(App\Controllers\Artikel))
#5 C:\xampp\htdocs\lab11_php_ci2\system\CodeIgniter.php(326): CodeIgniter\CodeIgniter->handleRequest(NULL, Object(Config\Cache), false)
#6 C:\xampp\htdocs\lab11_php_ci2\public\index.php(37): CodeIgniter\CodeIgniter->run()
#7 C:\xampp\htdocs\lab11_php_ci2\system\Commands\Server\rewrite.php(43): require_once('C:\\xampp\\htdocs...')
#8 {main}
CRITICAL - 2022-06-08 08:09:45 --> Invalid file: artikel/form_add.php
#0 C:\xampp\htdocs\lab11_php_ci2\system\View\View.php(198): CodeIgniter\Exceptions\FrameworkException::forInvalidFile('artikel/form_ad...')
#1 C:\xampp\htdocs\lab11_php_ci2\system\Common.php(1089): CodeIgniter\View\View->render('artikel/form_ad...', Array, true)
#2 C:\xampp\htdocs\lab11_php_ci2\app\Controllers\Artikel.php(60): view('artikel/form_ad...', Array)
#3 C:\xampp\htdocs\lab11_php_ci2\system\CodeIgniter.php(832): App\Controllers\Artikel->add()
#4 C:\xampp\htdocs\lab11_php_ci2\system\CodeIgniter.php(419): CodeIgniter\CodeIgniter->runController(Object(App\Controllers\Artikel))
#5 C:\xampp\htdocs\lab11_php_ci2\system\CodeIgniter.php(326): CodeIgniter\CodeIgniter->handleRequest(NULL, Object(Config\Cache), false)
#6 C:\xampp\htdocs\lab11_php_ci2\public\index.php(37): CodeIgniter\CodeIgniter->run()
#7 C:\xampp\htdocs\lab11_php_ci2\system\Commands\Server\rewrite.php(43): require_once('C:\\xampp\\htdocs...')
#8 {main}
CRITICAL - 2022-06-08 08:12:36 --> Invalid file: artikel/form_add.php
#0 C:\xampp\htdocs\lab11_php_ci2\system\View\View.php(198): CodeIgniter\Exceptions\FrameworkException::forInvalidFile('artikel/form_ad...')
#1 C:\xampp\htdocs\lab11_php_ci2\system\Common.php(1089): CodeIgniter\View\View->render('artikel/form_ad...', Array, true)
#2 C:\xampp\htdocs\lab11_php_ci2\app\Controllers\Artikel.php(60): view('artikel/form_ad...', Array)
#3 C:\xampp\htdocs\lab11_php_ci2\system\CodeIgniter.php(832): App\Controllers\Artikel->add()
#4 C:\xampp\htdocs\lab11_php_ci2\system\CodeIgniter.php(419): CodeIgniter\CodeIgniter->runController(Object(App\Controllers\Artikel))
#5 C:\xampp\htdocs\lab11_php_ci2\system\CodeIgniter.php(326): CodeIgniter\CodeIgniter->handleRequest(NULL, Object(Config\Cache), false)
#6 C:\xampp\htdocs\lab11_php_ci2\public\index.php(37): CodeIgniter\CodeIgniter->run()
#7 C:\xampp\htdocs\lab11_php_ci2\system\Commands\Server\rewrite.php(43): require_once('C:\\xampp\\htdocs...')
#8 {main}
CRITICAL - 2022-06-08 08:24:21 --> Trying to access array offset on value of type null
#0 C:\xampp\htdocs\lab11_php_ci2\app\Views\artikel\form_edit.php(5): CodeIgniter\Debug\Exceptions->errorHandler(8, 'Trying to acces...', 'C:\\xampp\\htdocs...', 5, Array)
#1 C:\xampp\htdocs\lab11_php_ci2\system\View\View.php(210): include('C:\\xampp\\htdocs...')
#2 C:\xampp\htdocs\lab11_php_ci2\system\View\View.php(213): CodeIgniter\View\View->CodeIgniter\View\{closure}()
#3 C:\xampp\htdocs\lab11_php_ci2\system\Common.php(1089): CodeIgniter\View\View->render('artikel/form_ed...', Array, true)
#4 C:\xampp\htdocs\lab11_php_ci2\app\Controllers\Artikel.php(81): view('artikel/form_ed...', Array)
#5 C:\xampp\htdocs\lab11_php_ci2\system\CodeIgniter.php(832): App\Controllers\Artikel->edit('1')
#6 C:\xampp\htdocs\lab11_php_ci2\system\CodeIgniter.php(419): CodeIgniter\CodeIgniter->runController(Object(App\Controllers\Artikel))
#7 C:\xampp\htdocs\lab11_php_ci2\system\CodeIgniter.php(326): CodeIgniter\CodeIgniter->handleRequest(NULL, Object(Config\Cache), false)
#8 C:\xampp\htdocs\lab11_php_ci2\public\index.php(37): CodeIgniter\CodeIgniter->run()
#9 C:\xampp\htdocs\lab11_php_ci2\system\Commands\Server\rewrite.php(43): require_once('C:\\xampp\\htdocs...')
#10 {main}
